{"C:\\Programming\\Scripts\\Projekty_GIT\\Programowanie_Zespolowe\\Backend\\src\\app.controller.ts": {"path":"C:\\Programming\\Scripts\\Projekty_GIT\\Programowanie_Zespolowe\\Backend\\src\\app.controller.ts","statementMap":{"0":{"start":{"line":1,"column":0},"end":{"line":1,"column":49}},"1":{"start":{"line":2,"column":0},"end":{"line":2,"column":43}},"2":{"start":{"line":5,"column":7},"end":{"line":12,"column":null}},"3":{"start":{"line":6,"column":31},"end":{"line":6,"column":43}},"4":{"start":{"line":10,"column":4},"end":{"line":10,"column":38}},"5":{"start":{"line":5,"column":13},"end":{"line":5,"column":26}},"6":{"start":{"line":9,"column":2},"end":{"line":11,"column":null}},"7":{"start":{"line":5,"column":13},"end":{"line":12,"column":null}}},"fnMap":{"0":{"name":"(anonymous_2)","decl":{"start":{"line":6,"column":2},"end":{"line":6,"column":31}},"loc":{"start":{"line":6,"column":53},"end":{"line":6,"column":57}}},"1":{"name":"(anonymous_3)","decl":{"start":{"line":9,"column":2},"end":{"line":9,"column":10}},"loc":{"start":{"line":9,"column":10},"end":{"line":11,"column":3}}}},"branchMap":{},"s":{"0":1,"1":1,"2":1,"3":1,"4":1,"5":1,"6":1,"7":1},"f":{"0":1,"1":1},"b":{}}
,"C:\\Programming\\Scripts\\Projekty_GIT\\Programowanie_Zespolowe\\Backend\\src\\app.service.ts": {"path":"C:\\Programming\\Scripts\\Projekty_GIT\\Programowanie_Zespolowe\\Backend\\src\\app.service.ts","statementMap":{"0":{"start":{"line":1,"column":0},"end":{"line":1,"column":44}},"1":{"start":{"line":4,"column":7},"end":{"line":8,"column":null}},"2":{"start":{"line":6,"column":4},"end":{"line":6,"column":19}},"3":{"start":{"line":4,"column":13},"end":{"line":4,"column":23}},"4":{"start":{"line":4,"column":13},"end":{"line":8,"column":null}}},"fnMap":{"0":{"name":"(anonymous_1)","decl":{"start":{"line":5,"column":2},"end":{"line":5,"column":10}},"loc":{"start":{"line":5,"column":10},"end":{"line":7,"column":3}}}},"branchMap":{},"s":{"0":1,"1":1,"2":1,"3":1,"4":1},"f":{"0":1},"b":{}}
,"C:\\Programming\\Scripts\\Projekty_GIT\\Programowanie_Zespolowe\\Backend\\src\\main.ts": {"path":"C:\\Programming\\Scripts\\Projekty_GIT\\Programowanie_Zespolowe\\Backend\\src\\main.ts","statementMap":{"0":{"start":{"line":1,"column":0},"end":{"line":1,"column":43}},"1":{"start":{"line":2,"column":0},"end":{"line":2,"column":41}},"2":{"start":{"line":3,"column":0},"end":{"line":3,"column":48}},"3":{"start":{"line":6,"column":14},"end":{"line":6,"column":49}},"4":{"start":{"line":7,"column":2},"end":{"line":7,"column":19}},"5":{"start":{"line":8,"column":2},"end":{"line":13,"column":4}},"6":{"start":{"line":14,"column":2},"end":{"line":14,"column":45}},"7":{"start":{"line":16,"column":0},"end":{"line":16,"column":12}}},"fnMap":{"0":{"name":"bootstrap","decl":{"start":{"line":5,"column":15},"end":{"line":5,"column":24}},"loc":{"start":{"line":5,"column":24},"end":{"line":15,"column":1}}}},"branchMap":{"0":{"loc":{"start":{"line":14,"column":19},"end":{"line":14,"column":43}},"type":"binary-expr","locations":[{"start":{"line":14,"column":19},"end":{"line":14,"column":35}},{"start":{"line":14,"column":39},"end":{"line":14,"column":43}}]}},"s":{"0":0,"1":0,"2":0,"3":0,"4":0,"5":0,"6":0,"7":0},"f":{"0":0},"b":{"0":[0,0]}}
,"C:\\Programming\\Scripts\\Projekty_GIT\\Programowanie_Zespolowe\\Backend\\src\\auth\\auth.controller.ts": {"path":"C:\\Programming\\Scripts\\Projekty_GIT\\Programowanie_Zespolowe\\Backend\\src\\auth\\auth.controller.ts","statementMap":{"0":{"start":{"line":1,"column":0},"end":{"line":1,"column":null}},"1":{"start":{"line":8,"column":0},"end":{"line":8,"column":45}},"2":{"start":{"line":9,"column":0},"end":{"line":9,"column":54}},"3":{"start":{"line":12,"column":7},"end":{"line":43,"column":null}},"4":{"start":{"line":13,"column":22},"end":{"line":13,"column":35}},"5":{"start":{"line":17,"column":16},"end":{"line":17,"column":62}},"6":{"start":{"line":19,"column":4},"end":{"line":21,"column":5}},"7":{"start":{"line":20,"column":6},"end":{"line":20,"column":47}},"8":{"start":{"line":23,"column":4},"end":{"line":23,"column":15}},"9":{"start":{"line":31,"column":16},"end":{"line":31,"column":61}},"10":{"start":{"line":33,"column":4},"end":{"line":35,"column":5}},"11":{"start":{"line":34,"column":6},"end":{"line":34,"column":51}},"12":{"start":{"line":37,"column":4},"end":{"line":39,"column":5}},"13":{"start":{"line":38,"column":6},"end":{"line":38,"column":47}},"14":{"start":{"line":41,"column":4},"end":{"line":41,"column":15}},"15":{"start":{"line":12,"column":13},"end":{"line":12,"column":27}},"16":{"start":{"line":16,"column":8},"end":{"line":24,"column":null}},"17":{"start":{"line":27,"column":8},"end":{"line":42,"column":null}},"18":{"start":{"line":12,"column":13},"end":{"line":43,"column":null}}},"fnMap":{"0":{"name":"(anonymous_4)","decl":{"start":{"line":13,"column":2},"end":{"line":13,"column":22}},"loc":{"start":{"line":13,"column":46},"end":{"line":13,"column":50}}},"1":{"name":"(anonymous_5)","decl":{"start":{"line":16,"column":2},"end":{"line":16,"column":7}},"loc":{"start":{"line":16,"column":53},"end":{"line":24,"column":3}}},"2":{"name":"(anonymous_6)","decl":{"start":{"line":27,"column":2},"end":{"line":27,"column":7}},"loc":{"start":{"line":29,"column":38},"end":{"line":42,"column":3}}}},"branchMap":{"0":{"loc":{"start":{"line":19,"column":4},"end":{"line":21,"column":5}},"type":"if","locations":[{"start":{"line":19,"column":4},"end":{"line":21,"column":5}}]},"1":{"loc":{"start":{"line":33,"column":4},"end":{"line":35,"column":5}},"type":"if","locations":[{"start":{"line":33,"column":4},"end":{"line":35,"column":5}}]},"2":{"loc":{"start":{"line":37,"column":4},"end":{"line":39,"column":5}},"type":"if","locations":[{"start":{"line":37,"column":4},"end":{"line":39,"column":5}}]}},"s":{"0":1,"1":1,"2":1,"3":1,"4":6,"5":5,"6":5,"7":1,"8":4,"9":3,"10":3,"11":1,"12":2,"13":1,"14":1,"15":1,"16":1,"17":1,"18":1},"f":{"0":6,"1":5,"2":3},"b":{"0":[1],"1":[1],"2":[1]}}
,"C:\\Programming\\Scripts\\Projekty_GIT\\Programowanie_Zespolowe\\Backend\\src\\auth\\auth.module.ts": {"path":"C:\\Programming\\Scripts\\Projekty_GIT\\Programowanie_Zespolowe\\Backend\\src\\auth\\auth.module.ts","statementMap":{"0":{"start":{"line":1,"column":0},"end":{"line":1,"column":40}},"1":{"start":{"line":2,"column":0},"end":{"line":2,"column":45}},"2":{"start":{"line":3,"column":0},"end":{"line":3,"column":51}},"3":{"start":{"line":9,"column":7},"end":{"line":9,"column":null}},"4":{"start":{"line":9,"column":13},"end":{"line":9,"column":23}},"5":{"start":{"line":9,"column":13},"end":{"line":9,"column":null}}},"fnMap":{},"branchMap":{},"s":{"0":0,"1":0,"2":0,"3":0,"4":0,"5":0},"f":{},"b":{}}
,"C:\\Programming\\Scripts\\Projekty_GIT\\Programowanie_Zespolowe\\Backend\\src\\auth\\auth.service.ts": {"path":"C:\\Programming\\Scripts\\Projekty_GIT\\Programowanie_Zespolowe\\Backend\\src\\auth\\auth.service.ts","statementMap":{"0":{"start":{"line":1,"column":0},"end":{"line":1,"column":44}},"1":{"start":{"line":2,"column":0},"end":{"line":2,"column":33}},"2":{"start":{"line":6,"column":7},"end":{"line":46,"column":null}},"3":{"start":{"line":7,"column":9},"end":{"line":7,"column":20}},"4":{"start":{"line":10,"column":48},"end":{"line":10,"column":61}},"5":{"start":{"line":12,"column":22},"end":{"line":12,"column":69}},"6":{"start":{"line":12,"column":48},"end":{"line":12,"column":68}},"7":{"start":{"line":14,"column":4},"end":{"line":16,"column":5}},"8":{"start":{"line":15,"column":6},"end":{"line":15,"column":64}},"9":{"start":{"line":18,"column":27},"end":{"line":18,"column":58}},"10":{"start":{"line":20,"column":4},"end":{"line":26,"column":7}},"11":{"start":{"line":28,"column":4},"end":{"line":28,"column":55}},"12":{"start":{"line":32,"column":22},"end":{"line":32,"column":69}},"13":{"start":{"line":32,"column":48},"end":{"line":32,"column":68}},"14":{"start":{"line":34,"column":4},"end":{"line":36,"column":5}},"15":{"start":{"line":35,"column":6},"end":{"line":35,"column":48}},"16":{"start":{"line":38,"column":18},"end":{"line":38,"column":68}},"17":{"start":{"line":40,"column":4},"end":{"line":42,"column":5}},"18":{"start":{"line":41,"column":6},"end":{"line":41,"column":53}},"19":{"start":{"line":44,"column":4},"end":{"line":44,"column":39}},"20":{"start":{"line":6,"column":13},"end":{"line":6,"column":24}},"21":{"start":{"line":6,"column":13},"end":{"line":46,"column":null}}},"fnMap":{"0":{"name":"(anonymous_1)","decl":{"start":{"line":6,"column":7},"end":{"line":6,"column":13}},"loc":{"start":{"line":6,"column":7},"end":{"line":46,"column":1}}},"1":{"name":"(anonymous_2)","decl":{"start":{"line":9,"column":2},"end":{"line":9,"column":7}},"loc":{"start":{"line":9,"column":45},"end":{"line":29,"column":3}}},"2":{"name":"(anonymous_3)","decl":{"start":{"line":12,"column":38},"end":{"line":12,"column":39}},"loc":{"start":{"line":12,"column":48},"end":{"line":12,"column":68}}},"3":{"name":"(anonymous_4)","decl":{"start":{"line":31,"column":2},"end":{"line":31,"column":7}},"loc":{"start":{"line":31,"column":45},"end":{"line":45,"column":3}}},"4":{"name":"(anonymous_5)","decl":{"start":{"line":32,"column":38},"end":{"line":32,"column":39}},"loc":{"start":{"line":32,"column":48},"end":{"line":32,"column":68}}}},"branchMap":{"0":{"loc":{"start":{"line":14,"column":4},"end":{"line":16,"column":5}},"type":"if","locations":[{"start":{"line":14,"column":4},"end":{"line":16,"column":5}}]},"1":{"loc":{"start":{"line":34,"column":4},"end":{"line":36,"column":5}},"type":"if","locations":[{"start":{"line":34,"column":4},"end":{"line":36,"column":5}}]},"2":{"loc":{"start":{"line":40,"column":4},"end":{"line":42,"column":5}},"type":"if","locations":[{"start":{"line":40,"column":4},"end":{"line":42,"column":5}}]}},"s":{"0":2,"1":2,"2":2,"3":14,"4":10,"5":10,"6":2,"7":10,"8":2,"9":8,"10":8,"11":8,"12":6,"13":4,"14":6,"15":2,"16":4,"17":4,"18":2,"19":2,"20":2,"21":2},"f":{"0":14,"1":10,"2":2,"3":6,"4":4},"b":{"0":[2],"1":[2],"2":[2]}}
,"C:\\Programming\\Scripts\\Projekty_GIT\\Programowanie_Zespolowe\\Backend\\src\\auth\\dto\\create-user.dto.ts": {"path":"C:\\Programming\\Scripts\\Projekty_GIT\\Programowanie_Zespolowe\\Backend\\src\\auth\\dto\\create-user.dto.ts","statementMap":{"0":{"start":{"line":1,"column":0},"end":{"line":1,"column":null}},"1":{"start":{"line":9,"column":0},"end":{"line":9,"column":13}},"2":{"start":{"line":12,"column":2},"end":{"line":12,"column":null}},"3":{"start":{"line":24,"column":2},"end":{"line":24,"column":null}},"4":{"start":{"line":28,"column":2},"end":{"line":28,"column":null}},"5":{"start":{"line":32,"column":2},"end":{"line":32,"column":null}}},"fnMap":{},"branchMap":{},"s":{"0":2,"1":2,"2":2,"3":2,"4":2,"5":2},"f":{},"b":{}}
,"C:\\Programming\\Scripts\\Projekty_GIT\\Programowanie_Zespolowe\\Backend\\src\\hello\\hello.controller.ts": {"path":"C:\\Programming\\Scripts\\Projekty_GIT\\Programowanie_Zespolowe\\Backend\\src\\hello\\hello.controller.ts","statementMap":{"0":{"start":{"line":1,"column":0},"end":{"line":1,"column":49}},"1":{"start":{"line":4,"column":7},"end":{"line":10,"column":null}},"2":{"start":{"line":8,"column":4},"end":{"line":8,"column":26}},"3":{"start":{"line":4,"column":13},"end":{"line":4,"column":28}},"4":{"start":{"line":7,"column":4},"end":{"line":9,"column":null}},"5":{"start":{"line":4,"column":13},"end":{"line":10,"column":null}}},"fnMap":{"0":{"name":"(anonymous_2)","decl":{"start":{"line":7,"column":4},"end":{"line":7,"column":12}},"loc":{"start":{"line":7,"column":12},"end":{"line":9,"column":5}}}},"branchMap":{},"s":{"0":1,"1":1,"2":0,"3":1,"4":1,"5":1},"f":{"0":0},"b":{}}
,"C:\\Programming\\Scripts\\Projekty_GIT\\Programowanie_Zespolowe\\Backend\\src\\scrolling\\scrolling.controller.ts": {"path":"C:\\Programming\\Scripts\\Projekty_GIT\\Programowanie_Zespolowe\\Backend\\src\\scrolling\\scrolling.controller.ts","statementMap":{"0":{"start":{"line":1,"column":0},"end":{"line":1,"column":56}},"1":{"start":{"line":2,"column":0},"end":{"line":2,"column":55}},"2":{"start":{"line":6,"column":7},"end":{"line":33,"column":null}},"3":{"start":{"line":10,"column":8},"end":{"line":10,"column":49}},"4":{"start":{"line":16,"column":26},"end":{"line":18,"column":11}},"5":{"start":{"line":17,"column":12},"end":{"line":17,"column":47}},"6":{"start":{"line":19,"column":8},"end":{"line":24,"column":9}},"7":{"start":{"line":20,"column":12},"end":{"line":20,"column":60}},"8":{"start":{"line":23,"column":12},"end":{"line":23,"column":59}},"9":{"start":{"line":29,"column":8},"end":{"line":29,"column":46}},"10":{"start":{"line":6,"column":13},"end":{"line":6,"column":32}},"11":{"start":{"line":15,"column":4},"end":{"line":25,"column":null}},"12":{"start":{"line":28,"column":4},"end":{"line":30,"column":null}},"13":{"start":{"line":6,"column":13},"end":{"line":33,"column":null}}},"fnMap":{"0":{"name":"(anonymous_4)","decl":{"start":{"line":9,"column":4},"end":{"line":9,"column":16}},"loc":{"start":{"line":9,"column":50},"end":{"line":11,"column":5}}},"1":{"name":"(anonymous_5)","decl":{"start":{"line":15,"column":4},"end":{"line":15,"column":11}},"loc":{"start":{"line":15,"column":36},"end":{"line":25,"column":5}}},"2":{"name":"(anonymous_6)","decl":{"start":{"line":16,"column":26},"end":{"line":16,"column":27}},"loc":{"start":{"line":16,"column":53},"end":{"line":18,"column":11}}},"3":{"name":"(anonymous_7)","decl":{"start":{"line":28,"column":4},"end":{"line":28,"column":13}},"loc":{"start":{"line":28,"column":13},"end":{"line":30,"column":5}}}},"branchMap":{"0":{"loc":{"start":{"line":19,"column":8},"end":{"line":24,"column":9}},"type":"if","locations":[{"start":{"line":19,"column":8},"end":{"line":24,"column":9}},{"start":{"line":22,"column":12},"end":{"line":24,"column":9}}]}},"s":{"0":0,"1":0,"2":0,"3":0,"4":0,"5":0,"6":0,"7":0,"8":0,"9":0,"10":0,"11":0,"12":0,"13":0},"f":{"0":0,"1":0,"2":0,"3":0},"b":{"0":[0,0]}}
,"C:\\Programming\\Scripts\\Projekty_GIT\\Programowanie_Zespolowe\\Backend\\src\\scrolling\\scrolling.module.ts": {"path":"C:\\Programming\\Scripts\\Projekty_GIT\\Programowanie_Zespolowe\\Backend\\src\\scrolling\\scrolling.module.ts","statementMap":{"0":{"start":{"line":1,"column":0},"end":{"line":1,"column":40}},"1":{"start":{"line":2,"column":0},"end":{"line":2,"column":55}},"2":{"start":{"line":3,"column":0},"end":{"line":3,"column":61}},"3":{"start":{"line":9,"column":7},"end":{"line":9,"column":null}},"4":{"start":{"line":9,"column":13},"end":{"line":9,"column":28}},"5":{"start":{"line":9,"column":13},"end":{"line":9,"column":null}}},"fnMap":{},"branchMap":{},"s":{"0":0,"1":0,"2":0,"3":0,"4":0,"5":0},"f":{},"b":{}}
,"C:\\Programming\\Scripts\\Projekty_GIT\\Programowanie_Zespolowe\\Backend\\src\\scrolling\\scrolling.service.ts": {"path":"C:\\Programming\\Scripts\\Projekty_GIT\\Programowanie_Zespolowe\\Backend\\src\\scrolling\\scrolling.service.ts","statementMap":{"0":{"start":{"line":1,"column":0},"end":{"line":1,"column":44}},"1":{"start":{"line":5,"column":7},"end":{"line":46,"column":null}},"2":{"start":{"line":6,"column":12},"end":{"line":11,"column":10}},"3":{"start":{"line":14,"column":22},"end":{"line":14,"column":34}},"4":{"start":{"line":15,"column":8},"end":{"line":17,"column":11}},"5":{"start":{"line":16,"column":12},"end":{"line":16,"column":50}},"6":{"start":{"line":18,"column":23},"end":{"line":18,"column":65}},"7":{"start":{"line":18,"column":48},"end":{"line":18,"column":64}},"8":{"start":{"line":19,"column":10},"end":{"line":21,"column":11}},"9":{"start":{"line":20,"column":12},"end":{"line":20,"column":null}},"10":{"start":{"line":22,"column":8},"end":{"line":22,"column":22}},"11":{"start":{"line":27,"column":8},"end":{"line":27,"column":27}},"12":{"start":{"line":31,"column":29},"end":{"line":31,"column":75}},"13":{"start":{"line":31,"column":56},"end":{"line":31,"column":74}},"14":{"start":{"line":33,"column":8},"end":{"line":35,"column":9}},"15":{"start":{"line":34,"column":12},"end":{"line":34,"column":62}},"16":{"start":{"line":37,"column":23},"end":{"line":37,"column":25}},"17":{"start":{"line":38,"column":8},"end":{"line":41,"column":11}},"18":{"start":{"line":39,"column":28},"end":{"line":39,"column":65}},"19":{"start":{"line":40,"column":12},"end":{"line":40,"column":33}},"20":{"start":{"line":43,"column":8},"end":{"line":43,"column":22}},"21":{"start":{"line":5,"column":13},"end":{"line":5,"column":29}},"22":{"start":{"line":5,"column":13},"end":{"line":46,"column":null}}},"fnMap":{"0":{"name":"(anonymous_1)","decl":{"start":{"line":5,"column":7},"end":{"line":5,"column":13}},"loc":{"start":{"line":5,"column":7},"end":{"line":46,"column":1}}},"1":{"name":"(anonymous_2)","decl":{"start":{"line":13,"column":4},"end":{"line":13,"column":17}},"loc":{"start":{"line":13,"column":28},"end":{"line":24,"column":5}}},"2":{"name":"(anonymous_3)","decl":{"start":{"line":18,"column":40},"end":{"line":18,"column":44}},"loc":{"start":{"line":18,"column":48},"end":{"line":18,"column":64}}},"3":{"name":"(anonymous_4)","decl":{"start":{"line":26,"column":4},"end":{"line":26,"column":10}},"loc":{"start":{"line":26,"column":10},"end":{"line":28,"column":5}}},"4":{"name":"(anonymous_5)","decl":{"start":{"line":30,"column":4},"end":{"line":30,"column":16}},"loc":{"start":{"line":30,"column":29},"end":{"line":44,"column":5}}},"5":{"name":"(anonymous_6)","decl":{"start":{"line":31,"column":48},"end":{"line":31,"column":52}},"loc":{"start":{"line":31,"column":56},"end":{"line":31,"column":74}}},"6":{"name":"(anonymous_7)","decl":{"start":{"line":38,"column":29},"end":{"line":38,"column":32}},"loc":{"start":{"line":38,"column":35},"end":{"line":41,"column":9}}}},"branchMap":{"0":{"loc":{"start":{"line":15,"column":8},"end":{"line":17,"column":11}},"type":"if","locations":[{"start":{"line":15,"column":8},"end":{"line":17,"column":11}}]},"1":{"loc":{"start":{"line":15,"column":12},"end":{"line":15,"column":37}},"type":"binary-expr","locations":[{"start":{"line":15,"column":12},"end":{"line":15,"column":24}},{"start":{"line":15,"column":28},"end":{"line":15,"column":37}}]},"2":{"loc":{"start":{"line":19,"column":10},"end":{"line":21,"column":11}},"type":"if","locations":[{"start":{"line":19,"column":10},"end":{"line":21,"column":11}}]},"3":{"loc":{"start":{"line":33,"column":8},"end":{"line":35,"column":9}},"type":"if","locations":[{"start":{"line":33,"column":8},"end":{"line":35,"column":9}}]}},"s":{"0":1,"1":1,"2":9,"3":8,"4":8,"5":2,"6":6,"7":14,"8":6,"9":2,"10":4,"11":1,"12":2,"13":6,"14":2,"15":0,"16":2,"17":2,"18":3,"19":3,"20":2,"21":1,"22":1},"f":{"0":9,"1":8,"2":14,"3":1,"4":2,"5":6,"6":3},"b":{"0":[2],"1":[8,7],"2":[2],"3":[0]}}
,"C:\\Programming\\Scripts\\Projekty_GIT\\Programowanie_Zespolowe\\Backend\\src\\user\\user.controller.ts": {"path":"C:\\Programming\\Scripts\\Projekty_GIT\\Programowanie_Zespolowe\\Backend\\src\\user\\user.controller.ts","statementMap":{"0":{"start":{"line":1,"column":0},"end":{"line":1,"column":75}},"1":{"start":{"line":2,"column":0},"end":{"line":2,"column":45}},"2":{"start":{"line":5,"column":7},"end":{"line":17,"column":null}},"3":{"start":{"line":6,"column":31},"end":{"line":6,"column":44}},"4":{"start":{"line":10,"column":17},"end":{"line":10,"column":47}},"5":{"start":{"line":11,"column":4},"end":{"line":13,"column":5}},"6":{"start":{"line":12,"column":6},"end":{"line":12,"column":47}},"7":{"start":{"line":15,"column":4},"end":{"line":15,"column":16}},"8":{"start":{"line":5,"column":13},"end":{"line":5,"column":27}},"9":{"start":{"line":9,"column":2},"end":{"line":16,"column":null}},"10":{"start":{"line":5,"column":13},"end":{"line":17,"column":null}}},"fnMap":{"0":{"name":"(anonymous_4)","decl":{"start":{"line":6,"column":2},"end":{"line":6,"column":31}},"loc":{"start":{"line":6,"column":55},"end":{"line":6,"column":59}}},"1":{"name":"(anonymous_5)","decl":{"start":{"line":9,"column":2},"end":{"line":9,"column":9}},"loc":{"start":{"line":9,"column":37},"end":{"line":16,"column":3}}}},"branchMap":{"0":{"loc":{"start":{"line":11,"column":4},"end":{"line":13,"column":5}},"type":"if","locations":[{"start":{"line":11,"column":4},"end":{"line":13,"column":5}}]}},"s":{"0":1,"1":1,"2":1,"3":3,"4":2,"5":2,"6":1,"7":1,"8":1,"9":1,"10":1},"f":{"0":3,"1":2},"b":{"0":[1]}}
,"C:\\Programming\\Scripts\\Projekty_GIT\\Programowanie_Zespolowe\\Backend\\src\\user\\user.module.ts": {"path":"C:\\Programming\\Scripts\\Projekty_GIT\\Programowanie_Zespolowe\\Backend\\src\\user\\user.module.ts","statementMap":{"0":{"start":{"line":1,"column":0},"end":{"line":1,"column":40}},"1":{"start":{"line":2,"column":0},"end":{"line":2,"column":45}},"2":{"start":{"line":3,"column":0},"end":{"line":3,"column":51}},"3":{"start":{"line":9,"column":7},"end":{"line":9,"column":null}},"4":{"start":{"line":9,"column":13},"end":{"line":9,"column":23}},"5":{"start":{"line":9,"column":13},"end":{"line":9,"column":null}}},"fnMap":{},"branchMap":{},"s":{"0":0,"1":0,"2":0,"3":0,"4":0,"5":0},"f":{},"b":{}}
,"C:\\Programming\\Scripts\\Projekty_GIT\\Programowanie_Zespolowe\\Backend\\src\\user\\user.service.ts": {"path":"C:\\Programming\\Scripts\\Projekty_GIT\\Programowanie_Zespolowe\\Backend\\src\\user\\user.service.ts","statementMap":{"0":{"start":{"line":1,"column":0},"end":{"line":1,"column":44}},"1":{"start":{"line":4,"column":7},"end":{"line":14,"column":null}},"2":{"start":{"line":5,"column":10},"end":{"line":8,"column":4}},"3":{"start":{"line":12,"column":4},"end":{"line":12,"column":55}},"4":{"start":{"line":12,"column":35},"end":{"line":12,"column":53}},"5":{"start":{"line":4,"column":13},"end":{"line":4,"column":24}},"6":{"start":{"line":4,"column":13},"end":{"line":14,"column":null}}},"fnMap":{"0":{"name":"(anonymous_1)","decl":{"start":{"line":4,"column":7},"end":{"line":4,"column":13}},"loc":{"start":{"line":4,"column":7},"end":{"line":14,"column":1}}},"1":{"name":"(anonymous_2)","decl":{"start":{"line":10,"column":2},"end":{"line":10,"column":9}},"loc":{"start":{"line":10,"column":22},"end":{"line":13,"column":3}}},"2":{"name":"(anonymous_3)","decl":{"start":{"line":12,"column":27},"end":{"line":12,"column":31}},"loc":{"start":{"line":12,"column":35},"end":{"line":12,"column":53}}}},"branchMap":{},"s":{"0":2,"1":2,"2":6,"3":4,"4":6,"5":2,"6":2},"f":{"0":6,"1":4,"2":6},"b":{}}
}
