TN:
SF:src\app.controller.ts
FN:6,(anonymous_2)
FN:9,(anonymous_3)
FNF:2
FNH:2
FNDA:1,(anonymous_2)
FNDA:1,(anonymous_3)
DA:1,1
DA:2,1
DA:5,1
DA:6,1
DA:9,1
DA:10,1
LF:6
LH:6
BRF:0
BRH:0
end_of_record
TN:
SF:src\app.service.ts
FN:5,(anonymous_1)
FNF:1
FNH:1
FNDA:1,(anonymous_1)
DA:1,1
DA:4,1
DA:6,1
LF:3
LH:3
BRF:0
BRH:0
end_of_record
TN:
SF:src\main.ts
FN:5,bootstrap
FNF:1
FNH:0
FNDA:0,bootstrap
DA:1,0
DA:2,0
DA:3,0
DA:6,0
DA:7,0
DA:8,0
DA:14,0
DA:16,0
LF:8
LH:0
BRDA:14,0,0,0
BRDA:14,0,1,0
BRF:2
BRH:0
end_of_record
TN:
SF:src\auth\auth.controller.ts
FN:13,(anonymous_4)
FN:16,(anonymous_5)
FN:27,(anonymous_6)
FNF:3
FNH:3
FNDA:6,(anonymous_4)
FNDA:5,(anonymous_5)
FNDA:3,(anonymous_6)
DA:1,1
DA:8,1
DA:9,1
DA:12,1
DA:13,6
DA:16,1
DA:17,5
DA:19,5
DA:20,1
DA:23,4
DA:27,1
DA:31,3
DA:33,3
DA:34,1
DA:37,2
DA:38,1
DA:41,1
LF:17
LH:17
BRDA:19,0,0,1
BRDA:33,1,0,1
BRDA:37,2,0,1
BRF:3
BRH:3
end_of_record
TN:
SF:src\auth\auth.module.ts
FNF:0
FNH:0
DA:1,0
DA:2,0
DA:3,0
DA:9,0
LF:4
LH:0
BRF:0
BRH:0
end_of_record
TN:
SF:src\auth\auth.service.ts
FN:6,(anonymous_1)
FN:9,(anonymous_2)
FN:12,(anonymous_3)
FN:31,(anonymous_4)
FN:32,(anonymous_5)
FNF:5
FNH:5
FNDA:14,(anonymous_1)
FNDA:10,(anonymous_2)
FNDA:2,(anonymous_3)
FNDA:6,(anonymous_4)
FNDA:4,(anonymous_5)
DA:1,2
DA:2,2
DA:6,2
DA:7,14
DA:10,10
DA:12,10
DA:14,10
DA:15,2
DA:18,8
DA:20,8
DA:28,8
DA:32,6
DA:34,6
DA:35,2
DA:38,4
DA:40,4
DA:41,2
DA:44,2
LF:18
LH:18
BRDA:14,0,0,2
BRDA:34,1,0,2
BRDA:40,2,0,2
BRF:3
BRH:3
end_of_record
TN:
SF:src\auth\dto\create-user.dto.ts
FNF:0
FNH:0
DA:1,2
DA:9,2
DA:12,2
DA:24,2
DA:28,2
DA:32,2
LF:6
LH:6
BRF:0
BRH:0
end_of_record
TN:
SF:src\hello\hello.controller.ts
FN:7,(anonymous_2)
FNF:1
FNH:0
FNDA:0,(anonymous_2)
DA:1,1
DA:4,1
DA:7,1
DA:8,0
LF:4
LH:3
BRF:0
BRH:0
end_of_record
TN:
SF:src\scrolling\scrolling.controller.ts
FN:9,(anonymous_4)
FN:15,(anonymous_5)
FN:16,(anonymous_6)
FN:28,(anonymous_7)
FNF:4
FNH:0
FNDA:0,(anonymous_4)
FNDA:0,(anonymous_5)
FNDA:0,(anonymous_6)
FNDA:0,(anonymous_7)
DA:1,0
DA:2,0
DA:6,0
DA:10,0
DA:15,0
DA:16,0
DA:17,0
DA:19,0
DA:20,0
DA:23,0
DA:28,0
DA:29,0
LF:12
LH:0
BRDA:19,0,0,0
BRDA:19,0,1,0
BRF:2
BRH:0
end_of_record
TN:
SF:src\scrolling\scrolling.module.ts
FNF:0
FNH:0
DA:1,0
DA:2,0
DA:3,0
DA:9,0
LF:4
LH:0
BRF:0
BRH:0
end_of_record
TN:
SF:src\scrolling\scrolling.service.ts
FN:5,(anonymous_1)
FN:13,(anonymous_2)
FN:18,(anonymous_3)
FN:26,(anonymous_4)
FN:30,(anonymous_5)
FN:31,(anonymous_6)
FN:38,(anonymous_7)
FNF:7
FNH:7
FNDA:9,(anonymous_1)
FNDA:8,(anonymous_2)
FNDA:14,(anonymous_3)
FNDA:1,(anonymous_4)
FNDA:2,(anonymous_5)
FNDA:6,(anonymous_6)
FNDA:3,(anonymous_7)
DA:1,1
DA:5,1
DA:6,9
DA:14,8
DA:15,8
DA:16,2
DA:18,14
DA:19,6
DA:20,2
DA:22,4
DA:27,1
DA:31,6
DA:33,2
DA:34,0
DA:37,2
DA:38,2
DA:39,3
DA:40,3
DA:43,2
LF:19
LH:18
BRDA:15,0,0,2
BRDA:15,1,0,8
BRDA:15,1,1,7
BRDA:19,2,0,2
BRDA:33,3,0,0
BRF:5
BRH:4
end_of_record
TN:
SF:src\user\user.controller.ts
FN:6,(anonymous_4)
FN:9,(anonymous_5)
FNF:2
FNH:2
FNDA:3,(anonymous_4)
FNDA:2,(anonymous_5)
DA:1,1
DA:2,1
DA:5,1
DA:6,3
DA:9,1
DA:10,2
DA:11,2
DA:12,1
DA:15,1
LF:9
LH:9
BRDA:11,0,0,1
BRF:1
BRH:1
end_of_record
TN:
SF:src\user\user.module.ts
FNF:0
FNH:0
DA:1,0
DA:2,0
DA:3,0
DA:9,0
LF:4
LH:0
BRF:0
BRH:0
end_of_record
TN:
SF:src\user\user.service.ts
FN:4,(anonymous_1)
FN:10,(anonymous_2)
FN:12,(anonymous_3)
FNF:3
FNH:3
FNDA:6,(anonymous_1)
FNDA:4,(anonymous_2)
FNDA:6,(anonymous_3)
DA:1,2
DA:4,2
DA:5,6
DA:12,6
LF:4
LH:4
BRF:0
BRH:0
end_of_record
